c:\users\harry\source\repos\nerdframework++\nerdframework++\debug\vc142.pdb
c:\users\harry\source\repos\nerdframework++\nerdframework++\debug\vc142.idb
c:\users\harry\source\repos\nerdframework++\nerdframework++\debug\udim2.obj
c:\users\harry\source\repos\nerdframework++\nerdframework++\debug\udim.obj
c:\users\harry\source\repos\nerdframework++\nerdframework++\debug\tween.obj
c:\users\harry\source\repos\nerdframework++\nerdframework++\debug\triangle3.obj
c:\users\harry\source\repos\nerdframework++\nerdframework++\debug\triangle2.obj
c:\users\harry\source\repos\nerdframework++\nerdframework++\debug\rectangle2.obj
c:\users\harry\source\repos\nerdframework++\nerdframework++\debug\rayspherical.obj
c:\users\harry\source\repos\nerdframework++\nerdframework++\debug\rayrectangular.obj
c:\users\harry\source\repos\nerdframework++\nerdframework++\debug\rayradial.obj
c:\users\harry\source\repos\nerdframework++\nerdframework++\debug\raycaster.obj
c:\users\harry\source\repos\nerdframework++\nerdframework++\debug\ray3.obj
c:\users\harry\source\repos\nerdframework++\nerdframework++\debug\quadratic3.obj
c:\users\harry\source\repos\nerdframework++\nerdframework++\debug\quadratic2.obj
c:\users\harry\source\repos\nerdframework++\nerdframework++\debug\quad3.obj
c:\users\harry\source\repos\nerdframework++\nerdframework++\debug\plane3.obj
c:\users\harry\source\repos\nerdframework++\nerdframework++\debug\math.obj
c:\users\harry\source\repos\nerdframework++\nerdframework++\debug\main.obj
c:\users\harry\source\repos\nerdframework++\nerdframework++\debug\line3.obj
c:\users\harry\source\repos\nerdframework++\nerdframework++\debug\image.obj
c:\users\harry\source\repos\nerdframework++\nerdframework++\debug\color3.obj
c:\users\harry\source\repos\nerdframework++\nerdframework++\debug\vector3s.obj
c:\users\harry\source\repos\nerdframework++\nerdframework++\debug\vector3.obj
c:\users\harry\source\repos\nerdframework++\nerdframework++\debug\vector2i.obj
c:\users\harry\source\repos\nerdframework++\nerdframework++\debug\vector2.obj
c:\users\harry\source\repos\nerdframework++\nerdframework++\debug\nerdframework++.ilk
c:\users\harry\source\repos\nerdframework++\debug\nerdframework++.exe
c:\users\harry\source\repos\nerdframework++\debug\nerdframework++.pdb
c:\users\harry\source\repos\nerdframework++\nerdframework++\debug\nerdframework++.tlog\cl.command.1.tlog
c:\users\harry\source\repos\nerdframework++\nerdframework++\debug\nerdframework++.tlog\cl.read.1.tlog
c:\users\harry\source\repos\nerdframework++\nerdframework++\debug\nerdframework++.tlog\cl.write.1.tlog
c:\users\harry\source\repos\nerdframework++\nerdframework++\debug\nerdframework++.tlog\link.command.1.tlog
c:\users\harry\source\repos\nerdframework++\nerdframework++\debug\nerdframework++.tlog\link.read.1.tlog
c:\users\harry\source\repos\nerdframework++\nerdframework++\debug\nerdframework++.tlog\link.write.1.tlog
