c:\users\harry\documents\nerdframework++\nerdframework++\x64\debug\vc142.pdb
c:\users\harry\documents\nerdframework++\nerdframework++\x64\debug\vc142.idb
c:\users\harry\documents\nerdframework++\nerdframework++\x64\debug\main.obj
c:\users\harry\documents\nerdframework++\nerdframework++\x64\debug\line3.obj
c:\users\harry\documents\nerdframework++\nerdframework++\x64\debug\interface.obj
c:\users\harry\documents\nerdframework++\nerdframework++\x64\debug\imagelabel.obj
c:\users\harry\documents\nerdframework++\nerdframework++\x64\debug\image4.obj
c:\users\harry\documents\nerdframework++\nerdframework++\x64\debug\frame.obj
c:\users\harry\documents\nerdframework++\nerdframework++\x64\debug\format.obj
c:\users\harry\documents\nerdframework++\nerdframework++\x64\debug\font.obj
c:\users\harry\documents\nerdframework++\nerdframework++\x64\debug\tester.obj
c:\users\harry\documents\nerdframework++\nerdframework++\x64\debug\string.obj
c:\users\harry\documents\nerdframework++\nerdframework++\x64\debug\cameraray3.obj
c:\users\harry\documents\nerdframework++\nerdframework++\x64\debug\image3.obj
c:\users\harry\documents\nerdframework++\nerdframework++\x64\debug\color4.obj
c:\users\harry\documents\nerdframework++\nerdframework++\x64\debug\color3.obj
c:\users\harry\documents\nerdframework++\nerdframework++\x64\debug\canvas.obj
c:\users\harry\documents\nerdframework++\nerdframework++\x64\debug\caesarcipher.obj
c:\users\harry\documents\nerdframework++\nerdframework++\x64\debug\button.obj
c:\users\harry\documents\nerdframework++\nerdframework++\x64\debug\box3.obj
c:\users\harry\documents\nerdframework++\nerdframework++\x64\debug\boundingshape3.obj
c:\users\harry\documents\nerdframework++\nerdframework++\x64\debug\binarygrid2.obj
c:\users\harry\documents\nerdframework++\nerdframework++\x64\debug\rayrectangular.obj
c:\users\harry\documents\nerdframework++\nerdframework++\x64\debug\rayradial.obj
c:\users\harry\documents\nerdframework++\nerdframework++\x64\debug\raycaster.obj
c:\users\harry\documents\nerdframework++\nerdframework++\x64\debug\ray3.obj
c:\users\harry\documents\nerdframework++\nerdframework++\x64\debug\renderer2.obj
c:\users\harry\documents\nerdframework++\nerdframework++\x64\debug\quadratic3.obj
c:\users\harry\documents\nerdframework++\nerdframework++\x64\debug\quadratic2.obj
c:\users\harry\documents\nerdframework++\nerdframework++\x64\debug\quad3.obj
c:\users\harry\documents\nerdframework++\nerdframework++\x64\debug\imageparser.obj
c:\users\harry\documents\nerdframework++\nerdframework++\x64\debug\plane3.obj
c:\users\harry\documents\nerdframework++\nerdframework++\x64\debug\physicsdata4.obj
c:\users\harry\documents\nerdframework++\nerdframework++\x64\debug\physicsdata3.obj
c:\users\harry\documents\nerdframework++\nerdframework++\x64\debug\parallel.obj
c:\users\harry\documents\nerdframework++\nerdframework++\x64\debug\meshtriangle3.obj
c:\users\harry\documents\nerdframework++\nerdframework++\x64\debug\meshquad3.obj
c:\users\harry\documents\nerdframework++\nerdframework++\x64\debug\math.obj
c:\users\harry\documents\nerdframework++\nerdframework++\x64\debug\materialmanager.obj
c:\users\harry\documents\nerdframework++\nerdframework++\x64\debug\vector3.obj
c:\users\harry\documents\nerdframework++\nerdframework++\x64\debug\vector2i.obj
c:\users\harry\documents\nerdframework++\nerdframework++\x64\debug\vector2.obj
c:\users\harry\documents\nerdframework++\nerdframework++\x64\debug\uiobject.obj
c:\users\harry\documents\nerdframework++\nerdframework++\x64\debug\udim2.obj
c:\users\harry\documents\nerdframework++\nerdframework++\x64\debug\udim.obj
c:\users\harry\documents\nerdframework++\nerdframework++\x64\debug\tween.obj
c:\users\harry\documents\nerdframework++\nerdframework++\x64\debug\triangle3.obj
c:\users\harry\documents\nerdframework++\nerdframework++\x64\debug\triangle2.obj
c:\users\harry\documents\nerdframework++\nerdframework++\x64\debug\material.obj
c:\users\harry\documents\nerdframework++\nerdframework++\x64\debug\textlabel.obj
c:\users\harry\documents\nerdframework++\nerdframework++\x64\debug\textbox.obj
c:\users\harry\documents\nerdframework++\nerdframework++\x64\debug\sphere3.obj
c:\users\harry\documents\nerdframework++\nerdframework++\x64\debug\scrollframe.obj
c:\users\harry\documents\nerdframework++\nerdframework++\x64\debug\udimrect2.obj
c:\users\harry\documents\nerdframework++\nerdframework++\x64\debug\sort.obj
c:\users\harry\documents\nerdframework++\nerdframework++\x64\debug\fontmanager.obj
c:\users\harry\documents\nerdframework++\nerdframework++\x64\debug\renderdata4.obj
c:\users\harry\documents\nerdframework++\nerdframework++\x64\debug\renderdata3.obj
c:\users\harry\documents\nerdframework++\nerdframework++\x64\debug\rayspherical.obj
c:\users\harry\documents\nerdframework++\nerdframework++\x64\debug\vigenerecipher.obj
c:\users\harry\documents\nerdframework++\nerdframework++\x64\debug\vector3s.obj
c:\users\harry\documents\nerdframework++\nerdframework++\x64\debug\renderer3.obj
c:\users\harry\documents\nerdframework++\nerdframework++\x64\debug\mesh.obj
c:\users\harry\documents\nerdframework++\nerdframework++\x64\debug\meshparser.obj
c:\users\harry\documents\nerdframework++\x64\debug\nerdframeworkcpp.exe
c:\users\harry\documents\nerdframework++\nerdframework++\x64\debug\nerdframeworkcpp.ilk
c:\users\harry\documents\nerdframework++\x64\debug\nerdframeworkcpp.pdb
c:\users\harry\documents\nerdframework++\nerdframework++\x64\debug\nerdframeworkcpp.tlog\cl.command.1.tlog
c:\users\harry\documents\nerdframework++\nerdframework++\x64\debug\nerdframeworkcpp.tlog\cl.read.1.tlog
c:\users\harry\documents\nerdframework++\nerdframework++\x64\debug\nerdframeworkcpp.tlog\cl.write.1.tlog
c:\users\harry\documents\nerdframework++\nerdframework++\x64\debug\nerdframeworkcpp.tlog\link.command.1.tlog
c:\users\harry\documents\nerdframework++\nerdframework++\x64\debug\nerdframeworkcpp.tlog\link.read.1.tlog
c:\users\harry\documents\nerdframework++\nerdframework++\x64\debug\nerdframeworkcpp.tlog\link.write.1.tlog
